0 info it worked if it ends with ok
1 verbose cli [ '/usr/local/bin/node',
1 verbose cli   '/usr/local/bin/npm',
1 verbose cli   'install',
1 verbose cli   '-g',
1 verbose cli   'pubstorm' ]
2 info using npm@3.9.5
3 info using node@v5.0.0
4 silly loadCurrentTree Starting
5 silly install loadCurrentTree
6 silly install readGlobalPackageData
7 silly fetchPackageMetaData pubstorm
8 silly fetchNamedPackageData pubstorm
9 silly mapToRegistry name pubstorm
10 silly mapToRegistry using default registry
11 silly mapToRegistry registry https://registry.npmjs.org/
12 silly mapToRegistry data Result {
12 silly mapToRegistry   raw: 'pubstorm',
12 silly mapToRegistry   scope: null,
12 silly mapToRegistry   name: 'pubstorm',
12 silly mapToRegistry   rawSpec: '',
12 silly mapToRegistry   spec: 'latest',
12 silly mapToRegistry   type: 'tag' }
13 silly mapToRegistry uri https://registry.npmjs.org/pubstorm
14 verbose request uri https://registry.npmjs.org/pubstorm
15 verbose request no auth needed
16 info attempt registry request try #1 at 16:40:56
17 verbose request id 36626e52528a6d56
18 http request GET https://registry.npmjs.org/pubstorm
19 http 200 https://registry.npmjs.org/pubstorm
20 verbose headers { server: 'CouchDB/1.5.0 (Erlang OTP/R16B03)',
20 verbose headers   etag: '"7BTRATMDRI91PM6CJLF339G28"',
20 verbose headers   'content-type': 'application/json',
20 verbose headers   'content-encoding': 'gzip',
20 verbose headers   'cache-control': 'max-age=300',
20 verbose headers   'content-length': '2326',
20 verbose headers   'accept-ranges': 'bytes',
20 verbose headers   date: 'Sun, 12 Jun 2016 13:40:56 GMT',
20 verbose headers   via: '1.1 varnish',
20 verbose headers   age: '0',
20 verbose headers   connection: 'keep-alive',
20 verbose headers   'x-served-by': 'cache-fra1221-FRA',
20 verbose headers   'x-cache': 'MISS',
20 verbose headers   'x-cache-hits': '0',
20 verbose headers   'x-timer': 'S1465738856.270280,VS0,VE428',
20 verbose headers   vary: 'Accept-Encoding' }
21 silly get cb [ 200,
21 silly get   { server: 'CouchDB/1.5.0 (Erlang OTP/R16B03)',
21 silly get     etag: '"7BTRATMDRI91PM6CJLF339G28"',
21 silly get     'content-type': 'application/json',
21 silly get     'content-encoding': 'gzip',
21 silly get     'cache-control': 'max-age=300',
21 silly get     'content-length': '2326',
21 silly get     'accept-ranges': 'bytes',
21 silly get     date: 'Sun, 12 Jun 2016 13:40:56 GMT',
21 silly get     via: '1.1 varnish',
21 silly get     age: '0',
21 silly get     connection: 'keep-alive',
21 silly get     'x-served-by': 'cache-fra1221-FRA',
21 silly get     'x-cache': 'MISS',
21 silly get     'x-cache-hits': '0',
21 silly get     'x-timer': 'S1465738856.270280,VS0,VE428',
21 silly get     vary: 'Accept-Encoding' } ]
22 verbose get saving pubstorm to /Users/vesa/.npm/registry.npmjs.org/pubstorm/.cache.json
23 verbose correctMkdir /Users/vesa/.npm correctMkdir not in flight; initializing
24 silly install normalizeTree
25 silly loadCurrentTree Finishing
26 silly loadIdealTree Starting
27 silly install loadIdealTree
28 silly cloneCurrentTree Starting
29 silly install cloneCurrentTreeToIdealTree
30 silly cloneCurrentTree Finishing
31 silly loadShrinkwrap Starting
32 silly install loadShrinkwrap
33 silly loadShrinkwrap Finishing
34 silly loadAllDepsIntoIdealTree Starting
35 silly install loadAllDepsIntoIdealTree
36 silly resolveWithNewModule pubstorm@0.1.2 checking installable status
37 silly cache add args [ 'pubstorm', null ]
38 verbose cache add spec pubstorm
39 silly cache add parsed spec Result {
39 silly cache add   raw: 'pubstorm',
39 silly cache add   scope: null,
39 silly cache add   name: 'pubstorm',
39 silly cache add   rawSpec: '',
39 silly cache add   spec: 'latest',
39 silly cache add   type: 'tag' }
40 silly addNamed pubstorm@latest
41 verbose addNamed "latest" is being treated as a dist-tag for pubstorm
42 info addNameTag [ 'pubstorm', 'latest' ]
43 silly mapToRegistry name pubstorm
44 silly mapToRegistry using default registry
45 silly mapToRegistry registry https://registry.npmjs.org/
46 silly mapToRegistry data Result {
46 silly mapToRegistry   raw: 'pubstorm',
46 silly mapToRegistry   scope: null,
46 silly mapToRegistry   name: 'pubstorm',
46 silly mapToRegistry   rawSpec: '',
46 silly mapToRegistry   spec: 'latest',
46 silly mapToRegistry   type: 'tag' }
47 silly mapToRegistry uri https://registry.npmjs.org/pubstorm
48 verbose addNameTag registry:https://registry.npmjs.org/pubstorm not in flight; fetching
49 verbose get https://registry.npmjs.org/pubstorm not expired, no request
50 silly addNameTag next cb for pubstorm with tag latest
51 silly addNamed pubstorm@0.1.2
52 verbose addNamed "0.1.2" is a plain semver version for pubstorm
53 silly mapToRegistry name pubstorm
54 silly mapToRegistry using default registry
55 silly mapToRegistry registry https://registry.npmjs.org/
56 silly mapToRegistry data Result {
56 silly mapToRegistry   raw: 'pubstorm',
56 silly mapToRegistry   scope: null,
56 silly mapToRegistry   name: 'pubstorm',
56 silly mapToRegistry   rawSpec: '',
56 silly mapToRegistry   spec: 'latest',
56 silly mapToRegistry   type: 'tag' }
57 silly mapToRegistry uri https://registry.npmjs.org/pubstorm
58 verbose addRemoteTarball https://registry.npmjs.org/pubstorm/-/pubstorm-0.1.2.tgz not in flight; adding
59 verbose addRemoteTarball [ 'https://registry.npmjs.org/pubstorm/-/pubstorm-0.1.2.tgz',
59 verbose addRemoteTarball   '36e55573298d67b20c4b773b974a410e9d15621b' ]
60 info retry fetch attempt 1 at 16:40:57
61 info attempt registry request try #1 at 16:40:57
62 http fetch GET https://registry.npmjs.org/pubstorm/-/pubstorm-0.1.2.tgz
63 http fetch 200 https://registry.npmjs.org/pubstorm/-/pubstorm-0.1.2.tgz
64 silly fetchAndShaCheck shasum 36e55573298d67b20c4b773b974a410e9d15621b
65 verbose addTmpTarball /var/folders/zj/yvzzzp793gz12dxyfs7nr0880000gp/T/npm-43868-c05818d7/registry.npmjs.org/pubstorm/-/pubstorm-0.1.2.tgz not in flight; adding
66 verbose addTmpTarball already have metadata; skipping unpack for pubstorm@0.1.2
67 verbose correctMkdir /Users/vesa/.npm correctMkdir not in flight; initializing
68 silly cache afterAdd pubstorm@0.1.2
69 verbose afterAdd /Users/vesa/.npm/pubstorm/0.1.2/package/package.json not in flight; writing
70 verbose correctMkdir /Users/vesa/.npm correctMkdir not in flight; initializing
71 verbose afterAdd /Users/vesa/.npm/pubstorm/0.1.2/package/package.json written
72 silly loadAllDepsIntoIdealTree Finishing
73 silly idealTree:prePrune lib
73 silly idealTree:prePrune └── pubstorm@0.1.2
74 silly loadIdealTree Finishing
75 silly currentTree lib
76 silly idealTree lib
76 silly idealTree └── pubstorm@0.1.2
77 silly generateActionsToTake Starting
78 silly install generateActionsToTake
79 silly generateActionsToTake Finishing
80 silly diffTrees action count 1
81 silly diffTrees add pubstorm@0.1.2
82 silly decomposeActions action count 8
83 silly decomposeActions fetch pubstorm@0.1.2
84 silly decomposeActions extract pubstorm@0.1.2
85 silly decomposeActions test pubstorm@0.1.2
86 silly decomposeActions preinstall pubstorm@0.1.2
87 silly decomposeActions build pubstorm@0.1.2
88 silly decomposeActions install pubstorm@0.1.2
89 silly decomposeActions postinstall pubstorm@0.1.2
90 silly decomposeActions finalize pubstorm@0.1.2
91 silly executeActions Starting
92 silly install executeActions
93 silly doSerial global-install 0
94 silly doParallel fetch 1
95 verbose correctMkdir /Users/vesa/.npm/_locks correctMkdir not in flight; initializing
96 verbose lock using /Users/vesa/.npm/_locks/staging-3a08f0df5026584d.lock for /usr/local/lib/node_modules/.staging
97 silly doParallel extract 1
98 silly extract pubstorm@0.1.2
99 verbose unbuild lib/node_modules/.staging/pubstorm-778552ce
100 silly gentlyRm /usr/local/lib/node_modules/.staging/pubstorm-778552ce is being purged from base /usr/local
101 verbose gentlyRm don't care about contents; nuking /usr/local/lib/node_modules/.staging/pubstorm-778552ce
102 verbose tar unpack /Users/vesa/.npm/pubstorm/0.1.2/package.tgz
103 verbose tar unpacking to /usr/local/lib/node_modules/.staging/pubstorm-778552ce
104 silly gentlyRm /usr/local/lib/node_modules/.staging/pubstorm-778552ce is being purged
105 verbose gentlyRm don't care about contents; nuking /usr/local/lib/node_modules/.staging/pubstorm-778552ce
106 silly gunzTarPerm modes [ '755', '644' ]
107 silly gunzTarPerm extractEntry package.json
108 silly gunzTarPerm modified mode [ 'package.json', 436, 420 ]
109 silly gunzTarPerm extractEntry .npmignore
110 silly gunzTarPerm modified mode [ '.npmignore', 436, 420 ]
111 silly gunzTarPerm extractEntry README.md
112 silly gunzTarPerm modified mode [ 'README.md', 436, 420 ]
113 silly gunzTarPerm extractEntry LICENSE
114 silly gunzTarPerm modified mode [ 'LICENSE', 436, 420 ]
115 silly gunzTarPerm extractEntry bin/storm.js
116 silly gunzTarPerm modified mode [ 'bin/storm.js', 509, 493 ]
117 silly gunzTarPerm extractEntry dist/darwin-386/storm
118 silly gunzTarPerm modified mode [ 'dist/darwin-386/storm', 509, 493 ]
119 silly gunzTarPerm extractEntry dist/darwin-amd64/storm
120 silly gunzTarPerm modified mode [ 'dist/darwin-amd64/storm', 509, 493 ]
121 silly gunzTarPerm extractEntry dist/freebsd-386/storm
122 silly gunzTarPerm modified mode [ 'dist/freebsd-386/storm', 509, 493 ]
123 silly gunzTarPerm extractEntry dist/freebsd-amd64/storm
124 silly gunzTarPerm modified mode [ 'dist/freebsd-amd64/storm', 509, 493 ]
125 silly gunzTarPerm extractEntry dist/freebsd-arm/storm
126 silly gunzTarPerm modified mode [ 'dist/freebsd-arm/storm', 509, 493 ]
127 silly gunzTarPerm extractEntry dist/linux-386/storm
128 silly gunzTarPerm modified mode [ 'dist/linux-386/storm', 509, 493 ]
129 silly gunzTarPerm extractEntry dist/linux-amd64/storm
130 silly gunzTarPerm modified mode [ 'dist/linux-amd64/storm', 509, 493 ]
131 silly gunzTarPerm extractEntry dist/linux-arm/storm
132 silly gunzTarPerm modified mode [ 'dist/linux-arm/storm', 509, 493 ]
133 silly gunzTarPerm extractEntry dist/windows-386/storm.exe
134 silly gunzTarPerm modified mode [ 'dist/windows-386/storm.exe', 509, 493 ]
135 silly gunzTarPerm extractEntry dist/windows-amd64/storm.exe
136 silly gunzTarPerm modified mode [ 'dist/windows-amd64/storm.exe', 509, 493 ]
137 silly gentlyRm /usr/local/lib/node_modules/.staging/pubstorm-778552ce/node_modules is being purged
138 verbose gentlyRm don't care about contents; nuking /usr/local/lib/node_modules/.staging/pubstorm-778552ce/node_modules
139 silly doParallel preinstall 1
140 silly preinstall pubstorm@0.1.2 /usr/local/lib/node_modules/.staging/pubstorm-778552ce
141 info lifecycle pubstorm@0.1.2~preinstall: pubstorm@0.1.2
142 silly lifecycle pubstorm@0.1.2~preinstall: no script for preinstall, continuing
143 silly doReverseSerial remove 0
144 silly doSerial move 0
145 silly doSerial finalize 1
146 silly finalize /usr/local/lib/node_modules/pubstorm
147 silly doSerial build 1
148 silly build pubstorm@0.1.2
149 info linkStuff pubstorm@0.1.2
150 silly linkStuff pubstorm@0.1.2 has /usr/local/lib/node_modules as its parent node_modules
151 silly linkStuff pubstorm@0.1.2 is part of a global install
152 silly linkStuff pubstorm@0.1.2 is installed into a global node_modules
153 silly linkStuff pubstorm@0.1.2 is installed into the top-level global node_modules
154 verbose linkBins pubstorm@0.1.2
155 verbose link bins [ { storm: 'bin/storm.js' }, '/usr/local/bin', true ]
156 verbose linkMans pubstorm@0.1.2
157 silly gentlyRm /usr/local/bin/storm is being gently removed
158 verbose unlock done using /Users/vesa/.npm/_locks/staging-3a08f0df5026584d.lock for /usr/local/lib/node_modules/.staging
159 silly rollbackFailedOptional Starting
160 silly rollbackFailedOptional Finishing
161 silly runTopLevelLifecycles Starting
162 silly runTopLevelLifecycles Finishing
163 silly install printInstalled
164 verbose stack Error: EACCES: permission denied, symlink '../lib/node_modules/pubstorm/bin/storm.js' -> '/usr/local/bin/storm'
164 verbose stack     at Error (native)
165 verbose cwd /Users/vesa/Creative Cloud Files/Verkkosivut/jekyll/liikevoima
166 error Darwin 15.5.0
167 error argv "/usr/local/bin/node" "/usr/local/bin/npm" "install" "-g" "pubstorm"
168 error node v5.0.0
169 error npm  v3.9.5
170 error path ../lib/node_modules/pubstorm/bin/storm.js
171 error code EACCES
172 error errno -13
173 error syscall symlink
174 error Error: EACCES: permission denied, symlink '../lib/node_modules/pubstorm/bin/storm.js' -> '/usr/local/bin/storm'
174 error     at Error (native)
174 error  { [Error: EACCES: permission denied, symlink '../lib/node_modules/pubstorm/bin/storm.js' -> '/usr/local/bin/storm']
174 error   errno: -13,
174 error   code: 'EACCES',
174 error   syscall: 'symlink',
174 error   path: '../lib/node_modules/pubstorm/bin/storm.js',
174 error   dest: '/usr/local/bin/storm' }
175 error Please try running this command again as root/Administrator.
176 verbose exit [ -13, true ]
